<?xml version="1.0" encoding="UTF-8"?>
<!-- Generated by org.testng.reporters.JUnitReportReporter -->
<testsuite skipped="0" hostname="DESKTOP-J288E5V" name="DavidAcademy.ValidatePage" tests="1" failures="0" timestamp="26 Aug 2018 17:01:14 GMT" time="3.220" errors="0">
  <testcase name="BasePageNavigation" time="3.220" classname="DavidAcademy.ValidatePage"/>
</testsuite> <!-- DavidAcademy.ValidatePage -->
