<?xml version="1.0" encoding="UTF-8"?>
<!-- Generated by org.testng.reporters.JUnitReportReporter -->
<testsuite skipped="0" hostname="DESKTOP-J288E5V" name="DavidAcademy.HomePage" tests="2" failures="0" timestamp="26 Aug 2018 17:01:14 GMT" time="29.383" errors="0">
  <testcase name="BasePageNavigation" time="21.681" classname="DavidAcademy.HomePage"/>
  <testcase name="BasePageNavigation" time="7.702" classname="DavidAcademy.HomePage"/>
</testsuite> <!-- DavidAcademy.HomePage -->
